<?xml version="1.0" encoding="UTF-8"?>
<testng-results ignored="0" total="2" passed="2" failed="0" skipped="0">
  <reporter-output>
  </reporter-output>
  <suite started-at="2022-06-01T16:33:34 CDT" name="Default suite" finished-at="2022-06-01T16:33:34 CDT" duration-ms="122">
    <groups>
    </groups>
    <test started-at="2022-06-01T16:33:34 CDT" name="Default test" finished-at="2022-06-01T16:33:34 CDT" duration-ms="122">
      <class name="com.testNG.TestNGBasics">
        <test-method is-config="true" signature="setUp()[pri:0, instance:com.testNG.TestNGBasics@49049a04]" started-at="2022-06-01T16:33:34 CDT" name="setUp" finished-at="2022-06-01T16:33:34 CDT" duration-ms="15" status="PASS">
          <reporter-output>
          </reporter-output>
        </test-method> <!-- setUp -->
        <test-method is-config="true" signature="login()[pri:0, instance:com.testNG.TestNGBasics@49049a04]" started-at="2022-06-01T16:33:34 CDT" name="login" finished-at="2022-06-01T16:33:34 CDT" duration-ms="1" status="PASS">
          <reporter-output>
          </reporter-output>
        </test-method> <!-- login -->
        <test-method is-config="true" signature="launchBrowser()[pri:0, instance:com.testNG.TestNGBasics@49049a04]" started-at="2022-06-01T16:33:34 CDT" name="launchBrowser" finished-at="2022-06-01T16:33:34 CDT" duration-ms="2" status="PASS">
          <reporter-output>
          </reporter-output>
        </test-method> <!-- launchBrowser -->
        <test-method is-config="true" signature="enterURL()[pri:0, instance:com.testNG.TestNGBasics@49049a04]" started-at="2022-06-01T16:33:34 CDT" name="enterURL" finished-at="2022-06-01T16:33:34 CDT" duration-ms="1" status="PASS">
          <reporter-output>
          </reporter-output>
        </test-method> <!-- enterURL -->
        <test-method signature="googleTitleTest()[pri:0, instance:com.testNG.TestNGBasics@49049a04]" started-at="2022-06-01T16:33:34 CDT" name="googleTitleTest" finished-at="2022-06-01T16:33:34 CDT" duration-ms="16" status="PASS">
          <reporter-output>
          </reporter-output>
        </test-method> <!-- googleTitleTest -->
        <test-method is-config="true" signature="logout()[pri:0, instance:com.testNG.TestNGBasics@49049a04]" started-at="2022-06-01T16:33:34 CDT" name="logout" finished-at="2022-06-01T16:33:34 CDT" duration-ms="2" status="PASS">
          <reporter-output>
          </reporter-output>
        </test-method> <!-- logout -->
        <test-method is-config="true" signature="enterURL()[pri:0, instance:com.testNG.TestNGBasics@49049a04]" started-at="2022-06-01T16:33:34 CDT" name="enterURL" finished-at="2022-06-01T16:33:34 CDT" duration-ms="0" status="PASS">
          <reporter-output>
          </reporter-output>
        </test-method> <!-- enterURL -->
        <test-method signature="searchTest()[pri:0, instance:com.testNG.TestNGBasics@49049a04]" started-at="2022-06-01T16:33:34 CDT" name="searchTest" finished-at="2022-06-01T16:33:34 CDT" duration-ms="7" status="PASS">
          <reporter-output>
          </reporter-output>
        </test-method> <!-- searchTest -->
        <test-method is-config="true" signature="logout()[pri:0, instance:com.testNG.TestNGBasics@49049a04]" started-at="2022-06-01T16:33:34 CDT" name="logout" finished-at="2022-06-01T16:33:34 CDT" duration-ms="1" status="PASS">
          <reporter-output>
          </reporter-output>
        </test-method> <!-- logout -->
        <test-method is-config="true" signature="deleteAllCookies()[pri:0, instance:com.testNG.TestNGBasics@49049a04]" started-at="2022-06-01T16:33:34 CDT" name="deleteAllCookies" finished-at="2022-06-01T16:33:34 CDT" duration-ms="0" status="PASS">
          <reporter-output>
          </reporter-output>
        </test-method> <!-- deleteAllCookies -->
        <test-method is-config="true" signature="closeBrowser()[pri:0, instance:com.testNG.TestNGBasics@49049a04]" started-at="2022-06-01T16:33:34 CDT" name="closeBrowser" finished-at="2022-06-01T16:33:34 CDT" duration-ms="1" status="PASS">
          <reporter-output>
          </reporter-output>
        </test-method> <!-- closeBrowser -->
        <test-method is-config="true" signature="generateTestReport()[pri:0, instance:com.testNG.TestNGBasics@49049a04]" started-at="2022-06-01T16:33:34 CDT" name="generateTestReport" finished-at="2022-06-01T16:33:34 CDT" duration-ms="0" status="PASS">
          <reporter-output>
          </reporter-output>
        </test-method> <!-- generateTestReport -->
      </class> <!-- com.testNG.TestNGBasics -->
    </test> <!-- Default test -->
  </suite> <!-- Default suite -->
</testng-results>
